Determining if the Q_WS_WIN exist failed with the following output:
Change Dir: /home/justin126/workspace/ShareTest/ViewProductDialog/build/CMakeFiles/CMakeTmp

Run Build Command(s):/usr/bin/make cmTC_0609f/fast && /usr/bin/make  -f CMakeFiles/cmTC_0609f.dir/build.make CMakeFiles/cmTC_0609f.dir/build
make[1]: Entering directory '/home/justin126/workspace/ShareTest/ViewProductDialog/build/CMakeFiles/CMakeTmp'
Building CXX object CMakeFiles/cmTC_0609f.dir/CheckSymbolExists.cxx.o
/usr/bin/c++  -I/usr/include/qt4  -o CMakeFiles/cmTC_0609f.dir/CheckSymbolExists.cxx.o -c /home/justin126/workspace/ShareTest/ViewProductDialog/build/CMakeFiles/CMakeTmp/CheckSymbolExists.cxx
/home/justin126/workspace/ShareTest/ViewProductDialog/build/CMakeFiles/CMakeTmp/CheckSymbolExists.cxx: In function ‘int main(int, char**)’:
/home/justin126/workspace/ShareTest/ViewProductDialog/build/CMakeFiles/CMakeTmp/CheckSymbolExists.cxx:8:19: error: ‘Q_WS_WIN’ was not declared in this scope
   return ((int*)(&Q_WS_WIN))[argc];
                   ^~~~~~~~
/home/justin126/workspace/ShareTest/ViewProductDialog/build/CMakeFiles/CMakeTmp/CheckSymbolExists.cxx:8:19: note: suggested alternative: ‘Q_WS_X11’
   return ((int*)(&Q_WS_WIN))[argc];
                   ^~~~~~~~
                   Q_WS_X11
CMakeFiles/cmTC_0609f.dir/build.make:84: recipe for target 'CMakeFiles/cmTC_0609f.dir/CheckSymbolExists.cxx.o' failed
make[1]: *** [CMakeFiles/cmTC_0609f.dir/CheckSymbolExists.cxx.o] Error 1
make[1]: Leaving directory '/home/justin126/workspace/ShareTest/ViewProductDialog/build/CMakeFiles/CMakeTmp'
Makefile:140: recipe for target 'cmTC_0609f/fast' failed
make: *** [cmTC_0609f/fast] Error 2


File /home/justin126/workspace/ShareTest/ViewProductDialog/build/CMakeFiles/CMakeTmp/CheckSymbolExists.cxx:
/* */
#include <QtCore/qglobal.h>

int main(int argc, char** argv)
{
  (void)argv;
#ifndef Q_WS_WIN
  return ((int*)(&Q_WS_WIN))[argc];
#else
  (void)argc;
  return 0;
#endif
}
Determining if the Q_WS_QWS exist failed with the following output:
Change Dir: /home/justin126/workspace/ShareTest/ViewProductDialog/build/CMakeFiles/CMakeTmp

Run Build Command(s):/usr/bin/make cmTC_96b6d/fast && /usr/bin/make  -f CMakeFiles/cmTC_96b6d.dir/build.make CMakeFiles/cmTC_96b6d.dir/build
make[1]: Entering directory '/home/justin126/workspace/ShareTest/ViewProductDialog/build/CMakeFiles/CMakeTmp'
Building CXX object CMakeFiles/cmTC_96b6d.dir/CheckSymbolExists.cxx.o
/usr/bin/c++  -I/usr/include/qt4  -o CMakeFiles/cmTC_96b6d.dir/CheckSymbolExists.cxx.o -c /home/justin126/workspace/ShareTest/ViewProductDialog/build/CMakeFiles/CMakeTmp/CheckSymbolExists.cxx
/home/justin126/workspace/ShareTest/ViewProductDialog/build/CMakeFiles/CMakeTmp/CheckSymbolExists.cxx: In function ‘int main(int, char**)’:
/home/justin126/workspace/ShareTest/ViewProductDialog/build/CMakeFiles/CMakeTmp/CheckSymbolExists.cxx:8:19: error: ‘Q_WS_QWS’ was not declared in this scope
   return ((int*)(&Q_WS_QWS))[argc];
                   ^~~~~~~~
/home/justin126/workspace/ShareTest/ViewProductDialog/build/CMakeFiles/CMakeTmp/CheckSymbolExists.cxx:8:19: note: suggested alternative: ‘Q_WS_X11’
   return ((int*)(&Q_WS_QWS))[argc];
                   ^~~~~~~~
                   Q_WS_X11
CMakeFiles/cmTC_96b6d.dir/build.make:84: recipe for target 'CMakeFiles/cmTC_96b6d.dir/CheckSymbolExists.cxx.o' failed
make[1]: *** [CMakeFiles/cmTC_96b6d.dir/CheckSymbolExists.cxx.o] Error 1
make[1]: Leaving directory '/home/justin126/workspace/ShareTest/ViewProductDialog/build/CMakeFiles/CMakeTmp'
Makefile:140: recipe for target 'cmTC_96b6d/fast' failed
make: *** [cmTC_96b6d/fast] Error 2


File /home/justin126/workspace/ShareTest/ViewProductDialog/build/CMakeFiles/CMakeTmp/CheckSymbolExists.cxx:
/* */
#include <QtCore/qglobal.h>

int main(int argc, char** argv)
{
  (void)argv;
#ifndef Q_WS_QWS
  return ((int*)(&Q_WS_QWS))[argc];
#else
  (void)argc;
  return 0;
#endif
}
Determining if the Q_WS_MAC exist failed with the following output:
Change Dir: /home/justin126/workspace/ShareTest/ViewProductDialog/build/CMakeFiles/CMakeTmp

Run Build Command(s):/usr/bin/make cmTC_3c09a/fast && /usr/bin/make  -f CMakeFiles/cmTC_3c09a.dir/build.make CMakeFiles/cmTC_3c09a.dir/build
make[1]: Entering directory '/home/justin126/workspace/ShareTest/ViewProductDialog/build/CMakeFiles/CMakeTmp'
Building CXX object CMakeFiles/cmTC_3c09a.dir/CheckSymbolExists.cxx.o
/usr/bin/c++  -I/usr/include/qt4  -o CMakeFiles/cmTC_3c09a.dir/CheckSymbolExists.cxx.o -c /home/justin126/workspace/ShareTest/ViewProductDialog/build/CMakeFiles/CMakeTmp/CheckSymbolExists.cxx
/home/justin126/workspace/ShareTest/ViewProductDialog/build/CMakeFiles/CMakeTmp/CheckSymbolExists.cxx: In function ‘int main(int, char**)’:
/home/justin126/workspace/ShareTest/ViewProductDialog/build/CMakeFiles/CMakeTmp/CheckSymbolExists.cxx:8:19: error: ‘Q_WS_MAC’ was not declared in this scope
   return ((int*)(&Q_WS_MAC))[argc];
                   ^~~~~~~~
/home/justin126/workspace/ShareTest/ViewProductDialog/build/CMakeFiles/CMakeTmp/CheckSymbolExists.cxx:8:19: note: suggested alternative: ‘Q_WS_X11’
   return ((int*)(&Q_WS_MAC))[argc];
                   ^~~~~~~~
                   Q_WS_X11
CMakeFiles/cmTC_3c09a.dir/build.make:84: recipe for target 'CMakeFiles/cmTC_3c09a.dir/CheckSymbolExists.cxx.o' failed
make[1]: *** [CMakeFiles/cmTC_3c09a.dir/CheckSymbolExists.cxx.o] Error 1
make[1]: Leaving directory '/home/justin126/workspace/ShareTest/ViewProductDialog/build/CMakeFiles/CMakeTmp'
Makefile:140: recipe for target 'cmTC_3c09a/fast' failed
make: *** [cmTC_3c09a/fast] Error 2


File /home/justin126/workspace/ShareTest/ViewProductDialog/build/CMakeFiles/CMakeTmp/CheckSymbolExists.cxx:
/* */
#include <QtCore/qglobal.h>

int main(int argc, char** argv)
{
  (void)argv;
#ifndef Q_WS_MAC
  return ((int*)(&Q_WS_MAC))[argc];
#else
  (void)argc;
  return 0;
#endif
}
